<?xml version="1.0" encoding="UTF-8"?>
<!-- Generated by org.testng.reporters.JUnitReportReporter -->
<testsuite hostname="LAPTOP-QJKH35DA" failures="0" tests="1" name="log4j2.Log4J2_inSelenium" time="11.139" errors="0" timestamp="2024-09-14T13:38:36 IST" skipped="0">
  <testcase classname="log4j2.Log4J2_inSelenium" name="Test" time="11.139"/>
  <system-out/>
</testsuite> <!-- log4j2.Log4J2_inSelenium -->
