<?xml version="1.0" encoding="UTF-8"?>
<!-- Generated by org.testng.reporters.JUnitReportReporter -->
<testsuite hostname="LAPTOP-QJKH35DA" failures="0" tests="1" name="extandreport_TestNG.faltu" time="0.602" errors="0" timestamp="2024-09-02T20:34:59 IST" skipped="0">
  <testcase classname="extandreport_TestNG.faltu" name="gtc" time="0.602"/>
</testsuite> <!-- extandreport_TestNG.faltu -->
