<?xml version="1.0" encoding="UTF-8"?>
<!-- Generated by org.testng.reporters.JUnitReportReporter -->
<testsuite hostname="LAPTOP-QJKH35DA" failures="0" tests="1" name="extandreport_TestNG.takesScreensortinExtandreports" time="18.280" errors="0" timestamp="2024-09-02T15:49:25 IST" skipped="0">
  <testcase classname="extandreport_TestNG.takesScreensortinExtandreports" name="screensort1" time="18.280"/>
</testsuite> <!-- extandreport_TestNG.takesScreensortinExtandreports -->
