<?xml version="1.0" encoding="UTF-8"?>
<!-- Generated by org.testng.reporters.JUnitReportReporter -->
<testsuite hostname="LAPTOP-QJKH35DA" failures="0" tests="6" name="testNGcode.priorityintestNG" time="0.021" errors="0" timestamp="2024-08-24T10:40:33 IST" skipped="0">
  <testcase classname="testNGcode.priorityintestNG" name="payments" time="0.006"/>
  <testcase classname="testNGcode.priorityintestNG" name="searchflight" time="0.002"/>
  <testcase classname="testNGcode.priorityintestNG" name="print" time="0.003"/>
  <testcase classname="testNGcode.priorityintestNG" name="bookticket" time="0.004"/>
  <testcase classname="testNGcode.priorityintestNG" name="details" time="0.001"/>
  <testcase classname="testNGcode.priorityintestNG" name="signin" time="0.005"/>
</testsuite> <!-- testNGcode.priorityintestNG -->
