<?xml version="1.0" encoding="UTF-8"?>
<!-- Generated by org.testng.reporters.JUnitReportReporter -->
<testsuite hostname="LAPTOP-QJKH35DA" failures="0" tests="2" name="Include_exclude_In_TsetNG.BusTicket" time="0.008" errors="0" timestamp="2024-09-14T14:08:48 IST" skipped="0">
  <testcase classname="Include_exclude_In_TsetNG.BusTicket" name="payment" time="0.007"/>
  <system-out/>
  <testcase classname="Include_exclude_In_TsetNG.BusTicket" name="Recept" time="0.001"/>
  <system-out/>
</testsuite> <!-- Include_exclude_In_TsetNG.BusTicket -->
