<?xml version="1.0" encoding="UTF-8"?>
<!-- Generated by org.testng.reporters.JUnitReportReporter -->
<testsuite hostname="LAPTOP-QJKH35DA" failures="0" tests="3" name="DataProvider.DataProvider_in_testNG_2D_Arrays" time="0.012" errors="0" timestamp="2024-08-23T14:43:13 IST" skipped="0">
  <testcase classname="DataProvider.DataProvider_in_testNG_2D_Arrays" name="test" time="0.004"/>
  <testcase classname="DataProvider.DataProvider_in_testNG_2D_Arrays" name="test" time="0.006"/>
  <testcase classname="DataProvider.DataProvider_in_testNG_2D_Arrays" name="test" time="0.002"/>
</testsuite> <!-- DataProvider.DataProvider_in_testNG_2D_Arrays -->
