<?xml version="1.0" encoding="UTF-8"?>
<!-- Generated by org.testng.reporters.JUnitReportReporter -->
<testsuite hostname="LAPTOP-QJKH35DA" failures="0" tests="1" name="testNGcode.NewTest" time="0.010" errors="0" timestamp="2024-09-12T14:37:39 IST" skipped="0">
  <testcase classname="testNGcode.NewTest" name="Method1" time="0.010"/>
</testsuite> <!-- testNGcode.NewTest -->
