<?xml version="1.0" encoding="UTF-8"?>
<!-- Generated by org.testng.reporters.JUnitReportReporter -->
<testsuite hostname="LAPTOP-QJKH35DA" failures="0" tests="1" name="Include_exclude_In_TsetNG.TrainTicket" time="0.001" errors="0" timestamp="2024-09-14T14:08:48 IST" skipped="0">
  <testcase classname="Include_exclude_In_TsetNG.TrainTicket" name="Ticket2" time="0.001"/>
  <system-out/>
</testsuite> <!-- Include_exclude_In_TsetNG.TrainTicket -->
