<?xml version="1.0" encoding="UTF-8"?>
<!-- Generated by org.testng.reporters.JUnitReportReporter -->
<testsuite hostname="LAPTOP-QJKH35DA" failures="0" tests="5" name="testNGcode.enabledfalse_IN_Test_NG" time="0.013" errors="0" timestamp="2024-09-14T13:51:14 IST" skipped="2">
  <testcase classname="testNGcode.enabledfalse_IN_Test_NG" name="SerachFlight" time="0.007"/>
  <system-out/>
  <testcase classname="testNGcode.enabledfalse_IN_Test_NG" name="payment" time="0.003"/>
  <system-out/>
  <testcase classname="testNGcode.enabledfalse_IN_Test_NG" name="LogOut" time="0.003"/>
  <system-out/>
  <testcase classname="testNGcode.enabledfalse_IN_Test_NG" name="LogIN">
    <skipped/>
  </testcase> <!-- LogIN -->
  <system-out/>
  <testcase classname="testNGcode.enabledfalse_IN_Test_NG" name="BookFlight">
    <skipped/>
  </testcase> <!-- BookFlight -->
  <system-out/>
</testsuite> <!-- testNGcode.enabledfalse_IN_Test_NG -->
