<?xml version="1.0" encoding="UTF-8"?>
<!-- Generated by org.testng.reporters.JUnitReportReporter -->
<testsuite hostname="LAPTOP-QJKH35DA" failures="0" tests="5" name="ignoreTestCase.DemoTest01" time="0.013" errors="0" timestamp="2024-08-23T16:32:01 IST" skipped="2">
  <testcase classname="ignoreTestCase.DemoTest01" name="testcase04" time="0.002"/>
  <testcase classname="ignoreTestCase.DemoTest01" name="testcase03" time="0.003"/>
  <testcase classname="ignoreTestCase.DemoTest01" name="testcase01" time="0.008"/>
  <testcase classname="ignoreTestCase.DemoTest01" name="testcase02">
    <skipped/>
  </testcase> <!-- testcase02 -->
  <testcase classname="ignoreTestCase.DemoTest01" name="testcase05">
    <skipped/>
  </testcase> <!-- testcase05 -->
</testsuite> <!-- ignoreTestCase.DemoTest01 -->
