<?xml version="1.0" encoding="UTF-8"?>
<!-- Generated by org.testng.reporters.JUnitReportReporter -->
<testsuite hostname="LAPTOP-QJKH35DA" failures="0" tests="1" name="Re_Run.NewTest1" time="0.005" errors="0" timestamp="2024-08-29T14:45:38 IST" skipped="0">
  <testcase classname="Re_Run.NewTest1" name="GTC01" time="0.005"/>
</testsuite> <!-- Re_Run.NewTest1 -->
