<?xml version="1.0" encoding="UTF-8"?>
<!-- Generated by org.testng.reporters.JUnitReportReporter -->
<testsuite hostname="LAPTOP-QJKH35DA" failures="0" tests="3" name="DataProvider.DataProvider_in_testNG_2D_Arrays2" time="0.006" errors="0" timestamp="2024-09-14T13:39:14 IST" skipped="0">
  <testcase classname="DataProvider.DataProvider_in_testNG_2D_Arrays2" name="test" time="0.001"/>
  <system-out/>
  <testcase classname="DataProvider.DataProvider_in_testNG_2D_Arrays2" name="test" time="0.004"/>
  <system-out/>
  <testcase classname="DataProvider.DataProvider_in_testNG_2D_Arrays2" name="test" time="0.001"/>
  <system-out/>
</testsuite> <!-- DataProvider.DataProvider_in_testNG_2D_Arrays2 -->
