<?xml version="1.0" encoding="UTF-8"?>
<!-- Generated by org.testng.reporters.JUnitReportReporter -->
<testsuite hostname="LAPTOP-QJKH35DA" failures="0" tests="3" name="DataProvider.DataProvider_in_testNG2" time="0.008" errors="0" timestamp="2024-08-23T14:34:16 IST" skipped="0">
  <testcase classname="DataProvider.DataProvider_in_testNG2" name="test" time="0.001"/>
  <testcase classname="DataProvider.DataProvider_in_testNG2" name="test" time="0.006"/>
  <testcase classname="DataProvider.DataProvider_in_testNG2" name="test" time="0.001"/>
</testsuite> <!-- DataProvider.DataProvider_in_testNG2 -->
