<?xml version="1.0" encoding="UTF-8"?>
<!-- Generated by org.testng.reporters.JUnitReportReporter -->
<testsuite hostname="LAPTOP-QJKH35DA" failures="0" tests="2" name="DataProvider.dell" time="0.013" errors="0" timestamp="2024-09-14T13:39:14 IST" skipped="0">
  <testcase classname="DataProvider.dell" name="gtp" time="0.005"/>
  <system-out/>
  <testcase classname="DataProvider.dell" name="gtp" time="0.008"/>
  <system-out/>
</testsuite> <!-- DataProvider.dell -->
