<?xml version="1.0" encoding="UTF-8"?>
<!-- Generated by org.testng.reporters.JUnitReportReporter -->
<testsuite hostname="LAPTOP-QJKH35DA" failures="0" tests="2" name="extandreport_TestNG.ExtandReport_Test" time="0.281" errors="0" timestamp="2024-09-01T22:56:06 IST" skipped="0">
  <testcase classname="extandreport_TestNG.ExtandReport_Test" name="test2" time="0.011"/>
  <testcase classname="extandreport_TestNG.ExtandReport_Test" name="test1" time="0.270"/>
</testsuite> <!-- extandreport_TestNG.ExtandReport_Test -->
