<?xml version="1.0" encoding="UTF-8"?>
<!-- Generated by org.testng.reporters.JUnitReportReporter -->
<testsuite hostname="LAPTOP-QJKH35DA" failures="0" tests="3" name="DataProvider.DataProvider_in_testNG" time="0.014" errors="0" timestamp="2024-08-25T20:31:32 IST" skipped="0">
  <testcase classname="DataProvider.DataProvider_in_testNG" name="Object" time="0.003"/>
  <testcase classname="DataProvider.DataProvider_in_testNG" name="Object" time="0.007"/>
  <testcase classname="DataProvider.DataProvider_in_testNG" name="Object" time="0.004"/>
</testsuite> <!-- DataProvider.DataProvider_in_testNG -->
