<?xml version="1.0" encoding="UTF-8"?>
<!-- Generated by org.testng.reporters.JUnitReportReporter -->
<testsuite hostname="LAPTOP-QJKH35DA" failures="0" tests="4" name="GroupingInTestNG.Demo2" time="0.017" errors="0" timestamp="2024-08-29T13:59:45 IST" skipped="0">
  <testcase classname="GroupingInTestNG.Demo2" name="tc08" time="0.001"/>
  <testcase classname="GroupingInTestNG.Demo2" name="tc09" time="0.003"/>
  <testcase classname="GroupingInTestNG.Demo2" name="tc10" time="0.002"/>
  <testcase classname="GroupingInTestNG.Demo2" name="tc06" time="0.011"/>
</testsuite> <!-- GroupingInTestNG.Demo2 -->
