<?xml version="1.0" encoding="UTF-8"?>
<!-- Generated by org.testng.reporters.JUnitReportReporter -->
<testsuite hostname="LAPTOP-QJKH35DA" failures="0" tests="1" name="extandreport_TestNG.demo" time="0.802" errors="0" timestamp="2024-09-02T10:35:50 IST" skipped="0">
  <testcase classname="extandreport_TestNG.demo" name="gtc" time="0.802"/>
</testsuite> <!-- extandreport_TestNG.demo -->
