<?xml version="1.0" encoding="UTF-8"?>
<!-- Generated by org.testng.reporters.JUnitReportReporter -->
<testsuite hostname="LAPTOP-QJKH35DA" failures="0" tests="1" name="extandreport_TestNG.demo2" time="0.615" errors="0" timestamp="2024-09-06T15:09:54 IST" skipped="0">
  <testcase classname="extandreport_TestNG.demo2" name="gtc21" time="0.615"/>
</testsuite> <!-- extandreport_TestNG.demo2 -->
