<?xml version="1.0" encoding="UTF-8"?>
<!-- Generated by org.testng.reporters.JUnitReportReporter -->
<testsuite hostname="LAPTOP-QJKH35DA" failures="0" tests="5" name="testNGcode.priorityintestNG2" time="0.018" errors="0" timestamp="2024-08-15T20:09:34 IST" skipped="0">
  <testcase classname="testNGcode.priorityintestNG2" name="searchflight" time="0.001"/>
  <testcase classname="testNGcode.priorityintestNG2" name="details" time="0.009"/>
  <testcase classname="testNGcode.priorityintestNG2" name="payments" time="0.006"/>
  <testcase classname="testNGcode.priorityintestNG2" name="signin" time="0.001"/>
  <testcase classname="testNGcode.priorityintestNG2" name="bookticket" time="0.001"/>
</testsuite> <!-- testNGcode.priorityintestNG2 -->
