<?xml version="1.0" encoding="UTF-8"?>
<!-- Generated by org.testng.reporters.JUnitReportReporter -->
<testsuite hostname="LAPTOP-QJKH35DA" failures="0" tests="1" name="Include_exclude_In_TsetNG.BoolAirTicket" time="0.003" errors="0" timestamp="2024-09-14T14:08:48 IST" skipped="0">
  <testcase classname="Include_exclude_In_TsetNG.BoolAirTicket" name="AirTicket" time="0.003"/>
  <system-out/>
</testsuite> <!-- Include_exclude_In_TsetNG.BoolAirTicket -->
