<?xml version="1.0" encoding="UTF-8"?>
<!-- Generated by org.testng.reporters.JUnitReportReporter -->
<testsuite hostname="LAPTOP-QJKH35DA" failures="0" tests="2" name="testNGcode.BusTicket" time="0.012" errors="0" timestamp="2024-08-28T12:41:15 IST" skipped="0">
  <testcase classname="testNGcode.BusTicket" name="payment" time="0.010"/>
  <testcase classname="testNGcode.BusTicket" name="Recept" time="0.002"/>
</testsuite> <!-- testNGcode.BusTicket -->
