<?xml version="1.0" encoding="UTF-8"?>
<!-- Generated by org.testng.reporters.JUnitReportReporter -->
<testsuite hostname="LAPTOP-QJKH35DA" failures="0" tests="5" name="GroupingInTestNG.Demo1" time="0.013" errors="0" timestamp="2024-09-14T13:37:12 IST" skipped="0">
  <testcase classname="GroupingInTestNG.Demo1" name="tc03" time="0.000"/>
  <system-out/>
  <testcase classname="GroupingInTestNG.Demo1" name="tc05" time="0.001"/>
  <system-out/>
  <testcase classname="GroupingInTestNG.Demo1" name="tc04" time="0.001"/>
  <system-out/>
  <testcase classname="GroupingInTestNG.Demo1" name="tc02" time="0.002"/>
  <system-out/>
  <testcase classname="GroupingInTestNG.Demo1" name="tc01" time="0.009"/>
  <system-out/>
</testsuite> <!-- GroupingInTestNG.Demo1 -->
