<?xml version="1.0" encoding="UTF-8"?>
<!-- Generated by org.testng.reporters.JUnitReportReporter -->
<testsuite hostname="LAPTOP-QJKH35DA" failures="0" tests="1" name="extandreport_TestNG.LogEvent" time="0.753" errors="0" timestamp="2024-09-02T15:51:25 IST" skipped="0">
  <testcase classname="extandreport_TestNG.LogEvent" name="Logs" time="0.753"/>
</testsuite> <!-- extandreport_TestNG.LogEvent -->
