<?xml version="1.0" encoding="UTF-8"?>
<!-- Generated by org.testng.reporters.JUnitReportReporter -->
<testsuite hostname="LAPTOP-QJKH35DA" failures="0" tests="1" name="testNGcode.TrainTicket" time="0.002" errors="0" timestamp="2024-08-28T12:41:15 IST" skipped="0">
  <testcase classname="testNGcode.TrainTicket" name="Ticket2" time="0.002"/>
</testsuite> <!-- testNGcode.TrainTicket -->
