<?xml version="1.0" encoding="UTF-8"?>
<!-- Generated by org.testng.reporters.JUnitReportReporter -->
<testsuite hostname="LAPTOP-QJKH35DA" failures="0" tests="5" name="ignoreTestCase.DemoTest2" time="0.036" errors="0" timestamp="2024-08-20T19:38:06 IST" skipped="0">
  <testcase classname="ignoreTestCase.DemoTest2" name="testcase09" time="0.005"/>
  <testcase classname="ignoreTestCase.DemoTest2" name="testcase08" time="0.002"/>
  <testcase classname="ignoreTestCase.DemoTest2" name="testcase06" time="0.003"/>
  <testcase classname="ignoreTestCase.DemoTest2" name="testcase07" time="0.004"/>
  <testcase classname="ignoreTestCase.DemoTest2" name="testcase010" time="0.022"/>
</testsuite> <!-- ignoreTestCase.DemoTest2 -->
