<?xml version="1.0" encoding="UTF-8"?>
<!-- Generated by org.testng.reporters.JUnitReportReporter -->
<testsuite hostname="LAPTOP-QJKH35DA" failures="0" tests="5" name="GroupingInTestNG.Demo3" time="0.013" errors="0" timestamp="2024-09-14T13:37:56 IST" skipped="0">
  <testcase classname="GroupingInTestNG.Demo3" name="tc13" time="0.000"/>
  <system-out/>
  <testcase classname="GroupingInTestNG.Demo3" name="tc15" time="0.001"/>
  <system-out/>
  <testcase classname="GroupingInTestNG.Demo3" name="tc14" time="0.000"/>
  <system-out/>
  <testcase classname="GroupingInTestNG.Demo3" name="tc12" time="0.001"/>
  <system-out/>
  <testcase classname="GroupingInTestNG.Demo3" name="tc11" time="0.011"/>
  <system-out/>
</testsuite> <!-- GroupingInTestNG.Demo3 -->
