<?xml version="1.0" encoding="UTF-8"?>
<!-- Generated by org.testng.reporters.JUnitReportReporter -->
<testsuite hostname="LAPTOP-QJKH35DA" failures="0" tests="3" name="testNGcode.DataProviderDemo" time="0.012" errors="0" timestamp="2024-08-25T20:49:29 IST" skipped="0">
  <testcase classname="testNGcode.DataProviderDemo" name="Dell" time="0.007"/>
  <testcase classname="testNGcode.DataProviderDemo" name="Dell" time="0.003"/>
  <testcase classname="testNGcode.DataProviderDemo" name="Dell" time="0.002"/>
</testsuite> <!-- testNGcode.DataProviderDemo -->
