<?xml version="1.0" encoding="UTF-8"?>
<!-- Generated by org.testng.reporters.JUnitReportReporter -->
<testsuite hostname="LAPTOP-QJKH35DA" failures="0" tests="5" name="testNGcode.enabledfalse_IN_Test_NG" time="0.011" errors="0" timestamp="2024-08-21T15:51:06 IST" skipped="2">
  <testcase classname="testNGcode.enabledfalse_IN_Test_NG" name="SerachFlight" time="0.008"/>
  <testcase classname="testNGcode.enabledfalse_IN_Test_NG" name="payment" time="0.001"/>
  <testcase classname="testNGcode.enabledfalse_IN_Test_NG" name="LogOut" time="0.002"/>
  <testcase classname="testNGcode.enabledfalse_IN_Test_NG" name="BookFlight">
    <skipped/>
  </testcase> <!-- BookFlight -->
  <testcase classname="testNGcode.enabledfalse_IN_Test_NG" name="LogIN">
    <skipped/>
  </testcase> <!-- LogIN -->
</testsuite> <!-- testNGcode.enabledfalse_IN_Test_NG -->
