<?xml version="1.0" encoding="UTF-8"?>
<!-- Generated by org.testng.reporters.JUnitReportReporter -->
<testsuite hostname="LAPTOP-QJKH35DA" failures="0" tests="4" name="testNGcode.Combanation_of_test_cases" time="0.038" errors="0" timestamp="2024-08-22T15:41:46 IST" skipped="0">
  <testcase classname="testNGcode.Combanation_of_test_cases" name="login" time="0.009"/>
  <testcase classname="testNGcode.Combanation_of_test_cases" name="login4" time="0.012"/>
  <testcase classname="testNGcode.Combanation_of_test_cases" name="login2" time="0.011"/>
  <testcase classname="testNGcode.Combanation_of_test_cases" name="login3" time="0.006"/>
</testsuite> <!-- testNGcode.Combanation_of_test_cases -->
